<?xml version="1.0" encoding="UTF-8"?>
<!-- Generated by org.testng.reporters.JUnitXMLReporter -->
<testsuite ignored="0" hostname="Mayank" failures="0" tests="3" name="Test" time="19.794" errors="0" timestamp="2024-11-27T11:12:25 IST">
  <testcase classname="testCases.TC01_AccRegTest" name="verify_acc_reg" time="1.772"/>
  <testcase classname="testCases.TC02_LoginTest" name="verify_login" time="1.249"/>
  <testcase classname="testCases.TC03_LoginDDT" name="verify_loginDDT" time="0.0">
    <skipped/>
  </testcase> <!-- verify_loginDDT -->
</testsuite> <!-- Test -->
